{
  "RSpec": {
    "coverage": {
      "/api/app/graphql/api_schema.rb": {
        "lines": [
          1,
          1,
          1,
          null,
          null,
          1,
          null,
          null,
          null,
          null,
          1,
          null,
          null,
          0,
          null,
          null,
          null,
          1,
          null,
          null,
          null,
          null,
          1,
          null,
          1,
          null,
          null,
          null,
          1,
          null,
          1,
          null,
          null
        ]
      },
      "/api/app/graphql/types/mutation_type.rb": {
        "lines": [
          1,
          1,
          null,
          null
        ]
      },
      "/api/app/graphql/types/base_object.rb": {
        "lines": [
          1,
          1,
          1,
          1,
          1,
          null,
          null
        ]
      },
      "/api/app/graphql/types/base_edge.rb": {
        "lines": [
          1,
          1,
          null,
          1,
          null,
          null
        ]
      },
      "/api/app/graphql/types/base_connection.rb": {
        "lines": [
          1,
          1,
          null,
          1,
          null,
          null
        ]
      },
      "/api/app/graphql/types/base_field.rb": {
        "lines": [
          1,
          1,
          1,
          null,
          null
        ]
      },
      "/api/app/graphql/types/base_argument.rb": {
        "lines": [
          1,
          1,
          null,
          null
        ]
      },
      "/api/app/graphql/types/query_type.rb": {
        "lines": [
          1,
          1,
          1,
          1,
          null,
          null,
          1,
          0,
          null,
          null,
          1,
          null,
          1,
          null,
          null,
          1,
          0,
          null,
          null,
          null,
          null,
          null,
          null,
          1,
          null,
          1,
          null,
          null
        ]
      },
      "/api/app/graphql/types/node_type.rb": {
        "lines": [
          1,
          1,
          1,
          null,
          1,
          null,
          null
        ]
      },
      "/api/app/graphql/types/base_interface.rb": {
        "lines": [
          1,
          1,
          1,
          1,
          1,
          null,
          1,
          null,
          null
        ]
      },
      "/api/app/graphql/resolvers/repository_resolver.rb": {
        "lines": [
          1,
          1,
          1,
          null,
          1,
          1,
          1,
          null,
          1,
          3,
          1,
          1,
          null,
          null,
          2,
          1,
          1,
          null,
          null,
          1,
          null,
          null,
          null
        ]
      },
      "/api/app/graphql/types/repository_type.rb": {
        "lines": [
          1,
          1,
          1,
          1,
          1,
          1,
          null,
          null
        ]
      },
      "/api/app/graphql/resolvers/statistic_resolver.rb": {
        "lines": [
          1,
          null,
          1,
          1,
          1,
          null,
          1,
          1,
          1,
          1,
          1,
          null,
          1,
          1,
          1,
          0,
          0,
          null,
          0,
          null,
          null,
          2,
          1,
          null,
          null,
          1,
          null,
          1,
          2,
          2,
          2,
          2,
          null,
          2,
          null,
          null,
          1,
          2,
          null,
          2,
          2,
          null,
          2,
          null,
          null,
          null,
          null,
          null,
          null,
          1,
          2,
          2,
          null,
          2,
          2,
          2,
          null,
          null,
          1,
          1,
          1,
          2,
          4,
          null,
          2,
          null,
          null,
          1,
          null,
          null,
          1,
          1,
          3,
          null,
          1,
          null,
          1,
          2,
          null,
          1,
          null,
          null,
          null
        ]
      },
      "/api/app/graphql/types/statistic_type.rb": {
        "lines": [
          1,
          1,
          1,
          1,
          1,
          1,
          1,
          1,
          1,
          1,
          1,
          1,
          1,
          null,
          null
        ]
      },
      "/api/app/graphql/types/user_type.rb": {
        "lines": [
          1,
          1,
          1,
          1,
          1,
          null,
          null
        ]
      },
      "/api/spec/graphql/queries/query_repositories_spec.rb": {
        "lines": [
          1,
          null,
          1,
          4,
          4,
          null,
          1,
          1,
          null,
          null,
          null,
          null,
          null,
          null,
          null,
          null,
          null,
          null,
          1,
          null,
          1,
          null,
          null,
          1,
          1,
          null,
          1,
          2,
          null,
          null,
          null,
          null,
          null,
          null,
          null,
          null,
          null,
          null,
          1,
          null,
          1,
          null,
          null,
          null,
          1,
          1,
          null,
          null,
          1,
          null,
          1,
          null,
          null,
          null,
          1,
          1,
          null,
          null,
          1,
          1,
          1,
          1,
          1,
          null,
          1,
          1,
          null,
          null,
          null,
          1,
          1,
          1,
          1,
          null,
          1,
          1,
          null,
          null,
          null,
          1,
          1,
          1,
          1,
          null,
          1,
          1,
          null,
          null,
          null,
          null
        ]
      },
      "/api/spec/graphql/queries/query_statistics_spec.rb": {
        "lines": [
          1,
          null,
          1,
          3,
          3,
          1,
          2,
          null,
          null,
          null,
          null,
          null,
          1,
          2,
          null,
          null,
          null,
          null,
          null,
          null,
          null,
          1,
          1,
          null,
          null,
          null,
          null,
          null,
          null,
          null,
          null,
          null,
          null,
          null,
          null,
          null,
          null,
          null,
          null,
          null,
          null,
          null,
          null,
          null,
          null,
          1,
          null,
          1,
          null,
          null,
          null,
          null,
          1,
          1,
          null,
          null,
          1,
          1,
          1,
          1,
          null,
          1,
          null,
          null,
          null,
          1,
          1,
          1,
          null,
          1,
          1,
          null,
          null
        ]
      },
      "/api/spec/models/organization_spec.rb": {
        "lines": [
          1,
          null,
          1,
          1,
          null
        ]
      },
      "/api/app/models/organization.rb": {
        "lines": [
          1,
          1,
          1,
          1,
          null,
          null
        ]
      },
      "/api/spec/models/organization_user_spec.rb": {
        "lines": [
          1,
          null,
          1,
          1,
          null
        ]
      },
      "/api/app/models/organization_user.rb": {
        "lines": [
          1,
          1,
          1,
          null
        ]
      },
      "/api/spec/models/pull_request_spec.rb": {
        "lines": [
          1,
          null,
          1,
          2,
          2,
          null,
          1,
          1,
          null,
          null,
          null,
          null,
          null,
          null,
          null,
          null,
          null,
          null,
          null,
          null,
          null,
          null,
          1,
          1,
          1,
          1,
          null,
          null,
          null,
          null,
          null
        ]
      },
      "/api/app/models/pull_request.rb": {
        "lines": [
          1,
          1,
          null,
          null,
          null,
          1,
          1,
          1,
          null,
          1,
          1,
          2,
          null,
          1,
          1,
          null,
          1,
          1,
          null,
          2,
          1,
          null,
          null,
          1,
          null,
          1,
          null,
          1,
          1,
          1,
          null,
          1,
          null,
          null,
          1,
          null,
          null,
          null,
          1,
          1,
          null,
          1,
          null,
          null,
          null,
          null,
          null,
          null,
          null,
          null,
          null,
          null,
          null,
          null,
          null,
          null,
          null,
          null,
          1,
          1,
          null,
          null,
          null
        ]
      },
      "/api/spec/models/repository_spec.rb": {
        "lines": [
          1,
          null,
          1,
          1,
          1,
          null,
          null,
          null,
          null,
          null,
          null,
          1,
          1,
          1,
          1,
          null,
          null,
          null,
          null
        ]
      },
      "/api/app/models/repository.rb": {
        "lines": [
          1,
          1,
          null,
          1,
          1,
          null,
          1,
          1,
          2,
          1,
          null,
          1,
          1,
          1,
          1,
          1,
          1,
          null,
          null,
          1,
          1,
          null,
          2,
          1,
          null,
          null,
          1,
          1,
          1,
          null,
          1,
          null,
          2,
          1,
          null,
          null,
          null
        ]
      },
      "/api/spec/models/review_spec.rb": {
        "lines": [
          1,
          null,
          1,
          2,
          2,
          null,
          1,
          1,
          null,
          null,
          null,
          1,
          1,
          1,
          1,
          null,
          null,
          null,
          null
        ]
      },
      "/api/app/models/review.rb": {
        "lines": [
          1,
          1,
          1,
          null,
          1,
          null,
          1,
          null,
          1,
          1,
          4,
          null,
          2,
          2,
          null,
          2,
          null,
          null,
          null,
          2,
          2,
          null,
          null,
          null,
          null
        ]
      },
      "/api/spec/models/statistic_spec.rb": {
        "lines": [
          1,
          null,
          1,
          2,
          2,
          2,
          2,
          null,
          2,
          2,
          2,
          2,
          2,
          2,
          2,
          null,
          1,
          1,
          null,
          1,
          1,
          1,
          1,
          null,
          null,
          null,
          null
        ]
      },
      "/api/app/models/statistic.rb": {
        "lines": [
          1,
          1,
          null,
          1,
          1,
          null,
          null,
          null,
          1,
          null,
          1,
          1,
          1,
          null,
          1,
          3,
          null,
          null,
          null,
          1,
          1,
          1,
          1,
          1,
          1,
          null,
          null,
          null,
          null,
          null,
          1,
          null,
          1,
          null,
          15,
          1,
          14,
          14,
          null,
          1,
          2,
          null,
          1,
          null,
          null,
          1,
          16,
          2,
          4,
          null,
          2,
          null,
          null,
          1,
          1,
          1,
          1,
          2,
          2,
          null,
          null,
          1,
          null,
          null,
          null,
          null,
          null,
          null,
          1,
          null,
          3,
          null,
          null,
          null,
          null,
          null,
          null,
          1,
          6,
          3,
          3,
          3,
          null,
          3,
          6,
          null,
          null,
          null,
          null,
          1,
          6,
          6,
          6,
          6,
          6,
          6,
          null,
          6,
          null,
          null,
          null,
          null,
          null,
          null,
          6,
          null,
          null,
          null,
          null,
          null,
          12,
          null,
          null,
          null,
          null
        ]
      },
      "/api/app/models/concerns/statistic_calculations.rb": {
        "lines": [
          1,
          1,
          null,
          1,
          1,
          null,
          1,
          6,
          null,
          6,
          28,
          null,
          28,
          null,
          null,
          6,
          null,
          null,
          1,
          6,
          6,
          28,
          null,
          null,
          null,
          28,
          null,
          6,
          null,
          null,
          null
        ]
      },
      "/api/spec/models/user_spec.rb": {
        "lines": [
          1,
          1,
          null,
          null,
          null,
          null,
          1,
          5,
          null,
          1,
          1,
          1,
          null,
          null,
          1,
          1,
          null,
          null,
          null,
          1,
          1,
          null,
          2,
          null,
          null,
          null,
          null,
          1,
          1,
          2,
          1,
          1,
          null,
          null,
          null,
          1,
          null,
          2,
          null,
          1,
          2,
          1,
          1,
          null,
          null,
          null,
          null
        ]
      },
      "/api/spec/requests/github_data_request_spec.rb": {
        "lines": [
          1
        ]
      },
      "/api/spec/requests/webhooks_request_spec.rb": {
        "lines": [
          1
        ]
      },
      "/api/app/controllers/graphql_controller.rb": {
        "lines": [
          1,
          1,
          4,
          null,
          null,
          4,
          null,
          0,
          null,
          0,
          null,
          null,
          1,
          null,
          1,
          4,
          4,
          4,
          4,
          null,
          null,
          null,
          4,
          null,
          null,
          null,
          null,
          1,
          4,
          null,
          null,
          1,
          4,
          null,
          0,
          null,
          0,
          null,
          4,
          null,
          0,
          null,
          null,
          null,
          1,
          0,
          0,
          null,
          0,
          null,
          null,
          null,
          1,
          0,
          0,
          0,
          0,
          0,
          null,
          null
        ]
      },
      "/api/app/controllers/application_controller.rb": {
        "lines": [
          1,
          null
        ]
      }
    },
    "timestamp": 1700118476
  }
}
